<?xml version="1.0" encoding="UTF-8"?>
<!-- Generated by org.testng.reporters.JUnitReportReporter -->
<testsuite hostname="LAPTOP-IC2EHG3R" failures="0" tests="3" name="test.day4" time="0.006" errors="0" timestamp="2023-01-19T22:33:01 EST" skipped="0">
  <testcase classname="test.day4" name="APIHomeLogin" time="0.002"/>
  <system-out/>
  <testcase classname="test.day4" name="MobileHomeLogin" time="0.001"/>
  <system-out/>
  <testcase classname="test.day4" name="WebHomeLogin" time="0.003"/>
  <system-out/>
</testsuite> <!-- test.day4 -->
