<?xml version="1.0" encoding="UTF-8"?>
<!-- Generated by org.testng.reporters.JUnitReportReporter -->
<testsuite hostname="LAPTOP-IC2EHG3R" failures="0" tests="5" name="test.day3" time="0.044" errors="0" timestamp="2023-01-19T22:33:01 EST" skipped="1">
  <testcase classname="test.day3" name="APICarLogin" time="0.015"/>
  <system-out/>
  <testcase classname="test.day3" name="MobileCarLogin" time="0.007"/>
  <system-out/>
  <testcase classname="test.day3" name="WebCarLogin" time="0.010"/>
  <system-out/>
  <testcase classname="test.day3" name="MobileCarSignout" time="0.012"/>
  <system-out/>
  <testcase classname="test.day3" name="MobileCarSignin">
    <skipped/>
  </testcase> <!-- MobileCarSignin -->
  <system-out/>
</testsuite> <!-- test.day3 -->
