<?xml version="1.0" encoding="UTF-8"?>
<!-- Generated by org.testng.reporters.JUnitReportReporter -->
<testsuite hostname="LAPTOP-IC2EHG3R" failures="0" tests="1" name="test.day1" time="0.014" errors="0" timestamp="2023-01-19T22:33:01 EST" skipped="0">
  <testcase classname="test.day1" name="Demo" time="0.014"/>
  <system-out/>
</testsuite> <!-- test.day1 -->
